<?xml version="1.0" encoding="UTF-8"?>
<!-- Generated by org.testng.reporters.JUnitReportReporter -->
<testsuite hostname="INLEN8520042362" failures="0" tests="2" name="Stepdefinition.Testrunner" time="27.416" errors="0" timestamp="18 Apr 2022 10:05:22 GMT" skipped="0">
  <testcase classname="Stepdefinition.Testrunner" name="runScenario" time="7.565"/>
  <testcase classname="Stepdefinition.Testrunner" name="runScenario" time="19.851"/>
</testsuite> <!-- Stepdefinition.Testrunner -->
