<?xml version="1.0" encoding="UTF-8"?>
<!-- Generated by org.testng.reporters.JUnitReportReporter -->
<testsuite hostname="INLEN8520042362" failures="0" tests="1" name="TestNG.Reports" time="33.008" errors="0" timestamp="18 Apr 2022 07:41:18 GMT" skipped="0">
  <testcase classname="TestNG.Reports" name="Mcd" time="33.008"/>
</testsuite> <!-- TestNG.Reports -->
